<?xml version="1.0" encoding="UTF-8"?>
<!-- Generated by org.testng.reporters.JUnitReportReporter -->
<testsuite hostname="Optimhire" failures="0" tests="1" name="MavenTestify.MavenTestify.userProfileScript" time="2.553" errors="0" timestamp="2025-04-04T10:19:42 IST" skipped="0">
  <testcase classname="MavenTestify.MavenTestify.userProfileScript" name="updateCustomerBasicInfo" time="2.553"/>
  <system-out/>
</testsuite> <!-- MavenTestify.MavenTestify.userProfileScript -->
