<?xml version="1.0" encoding="UTF-8"?>
<!-- Generated by org.testng.reporters.JUnitReportReporter -->
<testsuite hostname="Optimhire" failures="0" tests="2" name="MavenTestify.MavenTestify.userProfileScript" time="3.508" errors="0" timestamp="2025-04-08T18:01:21 IST" skipped="0">
  <testcase classname="MavenTestify.MavenTestify.userProfileScript" name="updateCustomerBasicInfo" time="2.306"/>
  <system-out/>
  <testcase classname="MavenTestify.MavenTestify.userProfileScript" name="updateAddress" time="1.202"/>
  <system-out/>
</testsuite> <!-- MavenTestify.MavenTestify.userProfileScript -->
