<?xml version="1.0" encoding="UTF-8"?>
<!-- Generated by org.testng.reporters.JUnitReportReporter -->
<testsuite hostname="Optimhire" failures="0" tests="1" name="MavenTestify.MavenTestify.loginPageScript" time="2.003" errors="0" timestamp="2025-07-11T14:16:53 IST" skipped="0">
  <testcase classname="MavenTestify.MavenTestify.loginPageScript" name="testValidLogin" time="2.003"/>
  <system-out/>
</testsuite> <!-- MavenTestify.MavenTestify.loginPageScript -->
