<?xml version="1.0" encoding="UTF-8"?>
<!-- Generated by org.testng.reporters.JUnitReportReporter -->
<testsuite hostname="Optimhire" failures="0" tests="1" name="MavenTestify.MavenTestify.functionalAutomationScript" time="16.004" errors="0" timestamp="2025-02-25T16:13:10 IST" skipped="0">
  <testcase classname="MavenTestify.MavenTestify.functionalAutomationScript" name="runTest" time="16.004"/>
</testsuite> <!-- MavenTestify.MavenTestify.functionalAutomationScript -->
