<?xml version="1.0" encoding="UTF-8"?>
<!-- Generated by org.testng.reporters.JUnitReportReporter -->
<testsuite hostname="Optimhire" failures="0" tests="1" name="MavenTestify.MavenTestify.registerTest" time="2.364" errors="0" timestamp="2025-02-12T14:08:45 IST" skipped="0">
  <testcase classname="MavenTestify.MavenTestify.registerTest" name="registerFormTest" time="2.364"/>
</testsuite> <!-- MavenTestify.MavenTestify.registerTest -->
