<?xml version="1.0" encoding="UTF-8"?>
<!-- Generated by org.testng.reporters.JUnitReportReporter -->
<testsuite hostname="Optimhire" failures="0" tests="1" name="MavenTestify.MavenTestify.functionalAutomationScript" time="13.246" errors="0" timestamp="2025-02-18T15:17:15 IST" skipped="0">
  <testcase classname="MavenTestify.MavenTestify.functionalAutomationScript" name="runTest" time="13.246"/>
</testsuite> <!-- MavenTestify.MavenTestify.functionalAutomationScript -->
